<?xml version="1.0" encoding="UTF-8"?>
<!-- Generated by org.testng.reporters.JUnitXMLReporter -->
<testsuite ignored="0" hostname="DESKTOP-J1M6GQS" failures="0" tests="5" name="Default test" time="0.111" errors="0" timestamp="2022-11-15T12:22:31 IST">
  <testcase classname="testNGkeywords.Testing" name="A" time="0.016"/>
  <testcase classname="testNGkeywords.Testing" name="A" time="0.003"/>
  <testcase classname="testNGkeywords.Testing" name="A" time="0.007"/>
  <testcase classname="testNGkeywords.Testing" name="A" time="0.002"/>
  <testcase classname="testNGkeywords.Testing" name="A" time="0.001"/>
</testsuite> <!-- Default test -->
